<?xml version="1.0" encoding="UTF-8"?>
<!-- Generated by org.testng.reporters.JUnitReportReporter -->
<testsuite skipped="0" hostname="PB9G11M-LT" name="xeroTestCases.XeroHomePageLogin" tests="3" failures="0" timestamp="2020-03-23T23:24:57 PDT" time="9.768" errors="0">
  <testcase name="TC_LoginFunction" time="1.858" classname="xeroTestCases.XeroHomePageLogin"/>
  <testcase name="TC_verifyHomePageTitle" time="2.538" classname="xeroTestCases.XeroHomePageLogin"/>
  <testcase name="TC_NavigateToLogin" time="5.372" classname="xeroTestCases.XeroHomePageLogin"/>
</testsuite> <!-- xeroTestCases.XeroHomePageLogin -->
