<?xml version="1.0" encoding="UTF-8"?>
<!-- Generated by org.testng.reporters.JUnitReportReporter -->
<testsuite skipped="0" hostname="PB9G11M-LT" name="com.xero.TestCases.XeroHomePageLogin" tests="3" failures="0" timestamp="2020-03-24T00:27:38 PDT" time="9.487" errors="0">
  <testcase name="TC_LoginFunctionTest" time="1.531" classname="com.xero.TestCases.XeroHomePageLogin"/>
  <testcase name="TC_NavigateToLoginTest" time="6.426" classname="com.xero.TestCases.XeroHomePageLogin"/>
  <testcase name="TC_verifyHomePageTitleTest" time="1.530" classname="com.xero.TestCases.XeroHomePageLogin"/>
</testsuite> <!-- com.xero.TestCases.XeroHomePageLogin -->
