<?xml version="1.0" encoding="UTF-8"?>
<!-- Generated by org.testng.reporters.JUnitReportReporter -->
<testsuite skipped="0" hostname="PB9G11M-LT" name="com.xero.TestCases.TestXeroHomePage" tests="3" failures="0" timestamp="2020-04-05T07:36:17 PDT" time="27.115" errors="0">
  <testcase name="TC_verifyHomePageTitleTest" time="8.302" classname="com.xero.TestCases.TestXeroHomePage"/>
  <testcase name="TC_verifyLoginPageLandingTest" time="10.209" classname="com.xero.TestCases.TestXeroHomePage"/>
  <testcase name="TC_verifyHomePageImgTest" time="8.604" classname="com.xero.TestCases.TestXeroHomePage"/>
</testsuite> <!-- com.xero.TestCases.TestXeroHomePage -->
