<?xml version="1.0" encoding="UTF-8"?>
<!-- Generated by org.testng.reporters.JUnitReportReporter -->
<testsuite skipped="0" hostname="PB9G11M-LT" name="com.xero.TestCases.TestXeroHomePage2" tests="3" failures="0" timestamp="2020-04-05T15:25:37 PDT" time="32.409" errors="0">
  <testcase name="TC_verifyHomePageXeroImgTest" time="10.853" classname="com.xero.TestCases.TestXeroHomePage2"/>
  <testcase name="TC_verifyHomePageTitleTest" time="10.338" classname="com.xero.TestCases.TestXeroHomePage2"/>
  <testcase name="TC_verifyHomePageNextLandingTest" time="11.218" classname="com.xero.TestCases.TestXeroHomePage2"/>
</testsuite> <!-- com.xero.TestCases.TestXeroHomePage2 -->
